#
# There is insufficient memory for the Java Runtime Environment to continue.
# Native memory allocation (malloc) failed to allocate 36256 bytes. Error detail: Chunk::new
# Possible reasons:
#   The system is out of physical RAM or swap space
#   This process is running with CompressedOops enabled, and the Java Heap may be blocking the growth of the native heap
# Possible solutions:
#   Reduce memory load on the system
#   Increase physical memory or swap space
#   Check if swap backing store is full
#   Decrease Java heap size (-Xmx/-Xms)
#   Decrease number of Java threads
#   Decrease Java thread stack sizes (-Xss)
#   Set larger code cache with -XX:ReservedCodeCacheSize=
#   JVM is running with Unscaled Compressed Oops mode in which the Java heap is
#     placed in the first 4GB address space. The Java Heap base address is the
#     maximum limit for the native heap growth. Please use -XX:HeapBaseMinAddress
#     to set the Java Heap base and to place the Java Heap above 4GB virtual address.
# This output file may be truncated or incomplete.
#
#  Out of Memory Error (arena.cpp:168), pid=13900, tid=8908
#
# JRE version: OpenJDK Runtime Environment Temurin-21.0.6+7 (21.0.6+7) (build 21.0.6+7-LTS)
# Java VM: OpenJDK 64-Bit Server VM Temurin-21.0.6+7 (21.0.6+7-LTS, mixed mode, sharing, tiered, compressed oops, compressed class ptrs, g1 gc, windows-amd64)
# No core dump will be written. Minidumps are not enabled by default on client versions of Windows
#

---------------  S U M M A R Y ------------

Command Line: -Dclassworlds.conf=C:\Program Files\Apache\apache-maven-3.9.9\bin\m2.conf -Dmaven.home=C:\Program Files\Apache\apache-maven-3.9.9 -Dlibrary.jansi.path=C:\Program Files\Apache\apache-maven-3.9.9\lib\jansi-native -Dmaven.multiModuleProjectDirectory=C:\Users\Alexa\projetos\newProject\EJTour\projeto org.codehaus.plexus.classworlds.launcher.Launcher spring-boot:run

Host: AMD Athlon Silver 3050U with Radeon Graphics   , 2 cores, 3G,  Windows 11 , 64 bit Build 22621 (10.0.22621.5262)
Time: Sun May 18 16:30:11 2025 Hora oficial do Brasil elapsed time: 4.609587 seconds (0d 0h 0m 4s)

---------------  T H R E A D  ---------------

Current thread (0x0000011862129030):  JavaThread "C2 CompilerThread0" daemon [_thread_in_native, id=8908, stack(0x000000020da00000,0x000000020db00000) (1024K)]


Current CompileTask:
C2:4609  214       4       jdk.internal.util.ArraysSupport::vectorizedHashCode (158 bytes)

Stack: [0x000000020da00000,0x000000020db00000]
Native frames: (J=compiled Java code, j=interpreted, Vv=VM code, C=native code)
V  [jvm.dll+0x6cdee9]